00:38:23 **** Build of configuration Simulator-Debug for project Project ****
make -j3 Simulator-Debug 
make -C .//translations -f Makefile update
cd x86 && /Applications/Momentics.app/host_10_2_0_15/darwin/x86/usr/bin/qmake -spec blackberry-x86-qcc ../StudyPartnerProject.pro  CONFIG+=debug_and_release CONFIG+=simulator
make[1]: Entering directory `/Users/JoseGarfiasLopez/Dropbox/Developing BB/Project/translations'
/Applications/Momentics.app/host_10_2_0_15/darwin/x86/usr/bin/lupdate StudyPartnerProject.pro
Updating 'StudyPartnerProject.ts'...
    Found 0 source text(s) (0 new and 0 already existing)
make[1]: Leaving directory `/Users/JoseGarfiasLopez/Dropbox/Developing BB/Project/translations'
make -C .//translations -f Makefile release
make[1]: Entering directory `/Users/JoseGarfiasLopez/Dropbox/Developing BB/Project/translations'
/Applications/Momentics.app/host_10_2_0_15/darwin/x86/usr/bin/lrelease StudyPartnerProject.pro
Updating '/Users/JoseGarfiasLopez/Dropbox/Developing BB/Project/translations/StudyPartnerProject.qm'...
    Generated 0 translation(s) (0 finished and 0 unfinished)
make[1]: Leaving directory `/Users/JoseGarfiasLopez/Dropbox/Developing BB/Project/translations'
make -C ./x86 -f Makefile debug
make[1]: Entering directory `/Users/JoseGarfiasLopez/Dropbox/Developing BB/Project/x86'
make -f Makefile.Debug
make[2]: Entering directory `/Users/JoseGarfiasLopez/Dropbox/Developing BB/Project/x86'
/Applications/Momentics.app/host_10_2_0_15/darwin/x86/usr/bin/moc -DQT_NO_IMPORT_QT47_QML -DQ_OS_BLACKBERRY -DQT_DECLARATIVE_DEBUG -DQT_DECLARATIVE_LIB -DQT_CORE_LIB -DQT_SHARED -I/Applications/Momentics.app/target_10_2_0_1155/qnx6/usr/share/qt4/mkspecs/blackberry-x86-qcc -I../../Project -I/Applications/Momentics.app/target_10_2_0_1155/qnx6/usr/include/qt4/QtCore -I/Applications/Momentics.app/target_10_2_0_1155/qnx6/usr/include/qt4/QtDeclarative -I/Applications/Momentics.app/target_10_2_0_1155/qnx6/usr/include/qt4 -I/Applications/Momentics.app/target_10_2_0_1155/qnx6/usr/include/qt4/QtCore -I../src -Io-g/.moc -I/Applications/Momentics.app/target_10_2_0_1155/qnx6/usr/include -I/Applications/Momentics.app/target_10_2_0_1155/qnx6/usr/include/freetype2 -I. -D__QNXNTO__ ../src/applicationui.hpp -o o-g/.moc/moc_applicationui.cpp
/Applications/Momentics.app/host_10_2_0_15/darwin/x86/usr/bin/moc -DQT_NO_IMPORT_QT47_QML -DQ_OS_BLACKBERRY -DQT_DECLARATIVE_DEBUG -DQT_DECLARATIVE_LIB -DQT_CORE_LIB -DQT_SHARED -I/Applications/Momentics.app/target_10_2_0_1155/qnx6/usr/share/qt4/mkspecs/blackberry-x86-qcc -I../../Project -I/Applications/Momentics.app/target_10_2_0_1155/qnx6/usr/include/qt4/QtCore -I/Applications/Momentics.app/target_10_2_0_1155/qnx6/usr/include/qt4/QtDeclarative -I/Applications/Momentics.app/target_10_2_0_1155/qnx6/usr/include/qt4 -I/Applications/Momentics.app/target_10_2_0_1155/qnx6/usr/include/qt4/QtCore -I../src -Io-g/.moc -I/Applications/Momentics.app/target_10_2_0_1155/qnx6/usr/include -I/Applications/Momentics.app/target_10_2_0_1155/qnx6/usr/include/freetype2 -I. -D__QNXNTO__ ../src/timer.hpp -o o-g/.moc/moc_timer.cpp
qcc -Vgcc_ntox86 -Wno-psabi -lang-c++ -fstack-protector -fstack-protector-all -g -Wno-psabi -Wall -W -D_REENTRANT -DQT_NO_IMPORT_QT47_QML -DQ_OS_BLACKBERRY -DQT_DECLARATIVE_DEBUG -DQT_DECLARATIVE_LIB -DQT_CORE_LIB -DQT_SHARED -I/Applications/Momentics.app/target_10_2_0_1155/qnx6/usr/share/qt4/mkspecs/blackberry-x86-qcc -I../../Project -I/Applications/Momentics.app/target_10_2_0_1155/qnx6/usr/include/qt4/QtCore -I/Applications/Momentics.app/target_10_2_0_1155/qnx6/usr/include/qt4/QtDeclarative -I/Applications/Momentics.app/target_10_2_0_1155/qnx6/usr/include/qt4 -I/Applications/Momentics.app/target_10_2_0_1155/qnx6/usr/include/qt4/QtCore -I../src -Io-g/.moc -I/Applications/Momentics.app/target_10_2_0_1155/qnx6/usr/include -I/Applications/Momentics.app/target_10_2_0_1155/qnx6/usr/include/freetype2 -I. -x c++-header -c ../precompiled.h -o o-g/.obj/StudyPartnerProject.gch/c++
qcc -Vgcc_ntox86 -c -Wc,-include -Wc,o-g/.obj/StudyPartnerProject -Wno-psabi -lang-c++ -fstack-protector -fstack-protector-all -g -Wno-psabi -Wall -W -D_REENTRANT -DQT_NO_IMPORT_QT47_QML -DQ_OS_BLACKBERRY -DQT_DECLARATIVE_DEBUG -DQT_DECLARATIVE_LIB -DQT_CORE_LIB -DQT_SHARED -I/Applications/Momentics.app/target_10_2_0_1155/qnx6/usr/share/qt4/mkspecs/blackberry-x86-qcc -I../../Project -I/Applications/Momentics.app/target_10_2_0_1155/qnx6/usr/include/qt4/QtCore -I/Applications/Momentics.app/target_10_2_0_1155/qnx6/usr/include/qt4/QtDeclarative -I/Applications/Momentics.app/target_10_2_0_1155/qnx6/usr/include/qt4 -I/Applications/Momentics.app/target_10_2_0_1155/qnx6/usr/include/qt4/QtCore -I../src -Io-g/.moc -I/Applications/Momentics.app/target_10_2_0_1155/qnx6/usr/include -I/Applications/Momentics.app/target_10_2_0_1155/qnx6/usr/include/freetype2 -I. -o o-g/.obj/applicationui.o ../src/applicationui.cpp
qcc -Vgcc_ntox86 -c -Wc,-include -Wc,o-g/.obj/StudyPartnerProject -Wno-psabi -lang-c++ -fstack-protector -fstack-protector-all -g -Wno-psabi -Wall -W -D_REENTRANT -DQT_NO_IMPORT_QT47_QML -DQ_OS_BLACKBERRY -DQT_DECLARATIVE_DEBUG -DQT_DECLARATIVE_LIB -DQT_CORE_LIB -DQT_SHARED -I/Applications/Momentics.app/target_10_2_0_1155/qnx6/usr/share/qt4/mkspecs/blackberry-x86-qcc -I../../Project -I/Applications/Momentics.app/target_10_2_0_1155/qnx6/usr/include/qt4/QtCore -I/Applications/Momentics.app/target_10_2_0_1155/qnx6/usr/include/qt4/QtDeclarative -I/Applications/Momentics.app/target_10_2_0_1155/qnx6/usr/include/qt4 -I/Applications/Momentics.app/target_10_2_0_1155/qnx6/usr/include/qt4/QtCore -I../src -Io-g/.moc -I/Applications/Momentics.app/target_10_2_0_1155/qnx6/usr/include -I/Applications/Momentics.app/target_10_2_0_1155/qnx6/usr/include/freetype2 -I. -o o-g/.obj/main.o ../src/main.cpp
qcc -Vgcc_ntox86 -c -Wc,-include -Wc,o-g/.obj/StudyPartnerProject -Wno-psabi -lang-c++ -fstack-protector -fstack-protector-all -g -Wno-psabi -Wall -W -D_REENTRANT -DQT_NO_IMPORT_QT47_QML -DQ_OS_BLACKBERRY -DQT_DECLARATIVE_DEBUG -DQT_DECLARATIVE_LIB -DQT_CORE_LIB -DQT_SHARED -I/Applications/Momentics.app/target_10_2_0_1155/qnx6/usr/share/qt4/mkspecs/blackberry-x86-qcc -I../../Project -I/Applications/Momentics.app/target_10_2_0_1155/qnx6/usr/include/qt4/QtCore -I/Applications/Momentics.app/target_10_2_0_1155/qnx6/usr/include/qt4/QtDeclarative -I/Applications/Momentics.app/target_10_2_0_1155/qnx6/usr/include/qt4 -I/Applications/Momentics.app/target_10_2_0_1155/qnx6/usr/include/qt4/QtCore -I../src -Io-g/.moc -I/Applications/Momentics.app/target_10_2_0_1155/qnx6/usr/include -I/Applications/Momentics.app/target_10_2_0_1155/qnx6/usr/include/freetype2 -I. -o o-g/.obj/timer.o ../src/timer.cpp
qcc -Vgcc_ntox86 -c -Wc,-include -Wc,o-g/.obj/StudyPartnerProject -Wno-psabi -lang-c++ -fstack-protector -fstack-protector-all -g -Wno-psabi -Wall -W -D_REENTRANT -DQT_NO_IMPORT_QT47_QML -DQ_OS_BLACKBERRY -DQT_DECLARATIVE_DEBUG -DQT_DECLARATIVE_LIB -DQT_CORE_LIB -DQT_SHARED -I/Applications/Momentics.app/target_10_2_0_1155/qnx6/usr/share/qt4/mkspecs/blackberry-x86-qcc -I../../Project -I/Applications/Momentics.app/target_10_2_0_1155/qnx6/usr/include/qt4/QtCore -I/Applications/Momentics.app/target_10_2_0_1155/qnx6/usr/include/qt4/QtDeclarative -I/Applications/Momentics.app/target_10_2_0_1155/qnx6/usr/include/qt4 -I/Applications/Momentics.app/target_10_2_0_1155/qnx6/usr/include/qt4/QtCore -I../src -Io-g/.moc -I/Applications/Momentics.app/target_10_2_0_1155/qnx6/usr/include -I/Applications/Momentics.app/target_10_2_0_1155/qnx6/usr/include/freetype2 -I. -o o-g/.obj/moc_applicationui.o o-g/.moc/moc_applicationui.cpp
qcc -Vgcc_ntox86 -c -Wc,-include -Wc,o-g/.obj/StudyPartnerProject -Wno-psabi -lang-c++ -fstack-protector -fstack-protector-all -g -Wno-psabi -Wall -W -D_REENTRANT -DQT_NO_IMPORT_QT47_QML -DQ_OS_BLACKBERRY -DQT_DECLARATIVE_DEBUG -DQT_DECLARATIVE_LIB -DQT_CORE_LIB -DQT_SHARED -I/Applications/Momentics.app/target_10_2_0_1155/qnx6/usr/share/qt4/mkspecs/blackberry-x86-qcc -I../../Project -I/Applications/Momentics.app/target_10_2_0_1155/qnx6/usr/include/qt4/QtCore -I/Applications/Momentics.app/target_10_2_0_1155/qnx6/usr/include/qt4/QtDeclarative -I/Applications/Momentics.app/target_10_2_0_1155/qnx6/usr/include/qt4 -I/Applications/Momentics.app/target_10_2_0_1155/qnx6/usr/include/qt4/QtCore -I../src -Io-g/.moc -I/Applications/Momentics.app/target_10_2_0_1155/qnx6/usr/include -I/Applications/Momentics.app/target_10_2_0_1155/qnx6/usr/include/freetype2 -I. -o o-g/.obj/moc_timer.o o-g/.moc/moc_timer.cpp
qcc -Vgcc_ntox86 -lang-c++ -Wl,-rpath-link,/Applications/Momentics.app/target_10_2_0_1155/qnx6/x86/lib -Wl,-rpath-link,/Applications/Momentics.app/target_10_2_0_1155/qnx6/x86/usr/lib -Wl,-rpath-link,/Applications/Momentics.app/target_10_2_0_1155/qnx6/x86/usr/lib/qt4/lib -o o-g/StudyPartnerProject o-g/.obj/applicationui.o o-g/.obj/main.o o-g/.obj/timer.o o-g/.obj/moc_applicationui.o o-g/.obj/moc_timer.o    -L/Applications/Momentics.app/target_10_2_0_1155/qnx6/x86/lib -L/Applications/Momentics.app/target_10_2_0_1155/qnx6/x86/usr/lib -L/Applications/Momentics.app/target_10_2_0_1155/qnx6/x86/usr/lib/qt4/lib -L/Applications/Momentics.app/target_10_2_0_1155/qnx6//usr/lib/qt4/lib -lbbcascadesmultimedia -lbbsystem -lbbdata -lbbmultimedia -lbbdevice -lbbpim -lbbcascadespickers -lbbcascades -lQtDeclarative -lQtScript -lQtSvg -lQtSql -lsqlite3 -lz -lQtXmlPatterns -lQtGui -lQtNetwork -lsocket -lQtCore -lm -lbps 
make[2]: Leaving directory `/Users/JoseGarfiasLopez/Dropbox/Developing BB/Project/x86'
make[1]: Leaving directory `/Users/JoseGarfiasLopez/Dropbox/Developing BB/Project/x86'
00:38:30 **** Incremental Build of configuration Simulator-Debug for project Project ****
make -j3 Simulator-Debug 
make -C .//translations -f Makefile update
make[1]: Entering directory `/Users/JoseGarfiasLopez/Dropbox/Developing BB/Project/translations'
/Applications/Momentics.app/host_10_2_0_15/darwin/x86/usr/bin/lupdate StudyPartnerProject.pro
Updating 'StudyPartnerProject.ts'...
    Found 0 source text(s) (0 new and 0 already existing)
make[1]: Leaving directory `/Users/JoseGarfiasLopez/Dropbox/Developing BB/Project/translations'
make -C .//translations -f Makefile release
make[1]: Entering directory `/Users/JoseGarfiasLopez/Dropbox/Developing BB/Project/translations'
/Applications/Momentics.app/host_10_2_0_15/darwin/x86/usr/bin/lrelease StudyPartnerProject.pro
Updating '/Users/JoseGarfiasLopez/Dropbox/Developing BB/Project/translations/StudyPartnerProject.qm'...
    Generated 0 translation(s) (0 finished and 0 unfinished)
make[1]: Leaving directory `/Users/JoseGarfiasLopez/Dropbox/Developing BB/Project/translations'
make -C ./x86 -f Makefile debug
make[1]: Entering directory `/Users/JoseGarfiasLopez/Dropbox/Developing BB/Project/x86'
make -f Makefile.Debug
make[2]: Entering directory `/Users/JoseGarfiasLopez/Dropbox/Developing BB/Project/x86'
make[2]: Nothing to be done for `first'.
make[2]: Leaving directory `/Users/JoseGarfiasLopez/Dropbox/Developing BB/Project/x86'
make[1]: Leaving directory `/Users/JoseGarfiasLopez/Dropbox/Developing BB/Project/x86'
01:56:18 **** Incremental Build of configuration Device-Debug for project Project ****
make -j3 Device-Debug 
make -C .//translations -f Makefile update
cd arm && /Applications/Momentics.app/host_10_2_0_15/darwin/x86/usr/bin/qmake -spec blackberry-armv7le-qcc ../StudyPartnerProject.pro CONFIG+=debug_and_release CONFIG+=device
make[1]: Entering directory `/Users/JoseGarfiasLopez/Dropbox/Developing BB/Project/translations'
/Applications/Momentics.app/host_10_2_0_15/darwin/x86/usr/bin/lupdate StudyPartnerProject.pro
Updating 'StudyPartnerProject.ts'...
    Found 0 source text(s) (0 new and 0 already existing)
make[1]: Leaving directory `/Users/JoseGarfiasLopez/Dropbox/Developing BB/Project/translations'
make -C .//translations -f Makefile release
make[1]: Entering directory `/Users/JoseGarfiasLopez/Dropbox/Developing BB/Project/translations'
/Applications/Momentics.app/host_10_2_0_15/darwin/x86/usr/bin/lrelease StudyPartnerProject.pro
Updating '/Users/JoseGarfiasLopez/Dropbox/Developing BB/Project/translations/StudyPartnerProject.qm'...
    Generated 0 translation(s) (0 finished and 0 unfinished)
make[1]: Leaving directory `/Users/JoseGarfiasLopez/Dropbox/Developing BB/Project/translations'
make -C ./arm -f Makefile debug
make[1]: Entering directory `/Users/JoseGarfiasLopez/Dropbox/Developing BB/Project/arm'
make -f Makefile.Debug
make[2]: Entering directory `/Users/JoseGarfiasLopez/Dropbox/Developing BB/Project/arm'
/Applications/Momentics.app/host_10_2_0_15/darwin/x86/usr/bin/moc -DQT_NO_IMPORT_QT47_QML -DQ_OS_BLACKBERRY -DQT_DECLARATIVE_DEBUG -DQT_DECLARATIVE_LIB -DQT_CORE_LIB -DQT_SHARED -I/Applications/Momentics.app/target_10_2_0_1155/qnx6/usr/share/qt4/mkspecs/blackberry-armv7le-qcc -I../../Project -I/Applications/Momentics.app/target_10_2_0_1155/qnx6/usr/include/qt4/QtCore -I/Applications/Momentics.app/target_10_2_0_1155/qnx6/usr/include/qt4/QtDeclarative -I/Applications/Momentics.app/target_10_2_0_1155/qnx6/usr/include/qt4 -I/Applications/Momentics.app/target_10_2_0_1155/qnx6/usr/include/qt4/QtCore -I../src -Io.le-v7-g/.moc -I/Applications/Momentics.app/target_10_2_0_1155/qnx6/usr/include -I/Applications/Momentics.app/target_10_2_0_1155/qnx6/usr/include/freetype2 -I. -D__QNXNTO__ ../src/applicationui.hpp -o o.le-v7-g/.moc/moc_applicationui.cpp
qcc -Vgcc_ntoarmv7le -Wno-psabi -lang-c++ -fstack-protector -fstack-protector-all -mcpu=cortex-a9 -g -Wno-psabi -Wall -W -D_REENTRANT -DQT_NO_IMPORT_QT47_QML -DQ_OS_BLACKBERRY -DQT_DECLARATIVE_DEBUG -DQT_DECLARATIVE_LIB -DQT_CORE_LIB -DQT_SHARED -I/Applications/Momentics.app/target_10_2_0_1155/qnx6/usr/share/qt4/mkspecs/blackberry-armv7le-qcc -I../../Project -I/Applications/Momentics.app/target_10_2_0_1155/qnx6/usr/include/qt4/QtCore -I/Applications/Momentics.app/target_10_2_0_1155/qnx6/usr/include/qt4/QtDeclarative -I/Applications/Momentics.app/target_10_2_0_1155/qnx6/usr/include/qt4 -I/Applications/Momentics.app/target_10_2_0_1155/qnx6/usr/include/qt4/QtCore -I../src -Io.le-v7-g/.moc -I/Applications/Momentics.app/target_10_2_0_1155/qnx6/usr/include -I/Applications/Momentics.app/target_10_2_0_1155/qnx6/usr/include/freetype2 -I. -x c++-header -c ../precompiled.h -o o.le-v7-g/.obj/StudyPartnerProject.gch/c++
/Applications/Momentics.app/host_10_2_0_15/darwin/x86/usr/bin/moc -DQT_NO_IMPORT_QT47_QML -DQ_OS_BLACKBERRY -DQT_DECLARATIVE_DEBUG -DQT_DECLARATIVE_LIB -DQT_CORE_LIB -DQT_SHARED -I/Applications/Momentics.app/target_10_2_0_1155/qnx6/usr/share/qt4/mkspecs/blackberry-armv7le-qcc -I../../Project -I/Applications/Momentics.app/target_10_2_0_1155/qnx6/usr/include/qt4/QtCore -I/Applications/Momentics.app/target_10_2_0_1155/qnx6/usr/include/qt4/QtDeclarative -I/Applications/Momentics.app/target_10_2_0_1155/qnx6/usr/include/qt4 -I/Applications/Momentics.app/target_10_2_0_1155/qnx6/usr/include/qt4/QtCore -I../src -Io.le-v7-g/.moc -I/Applications/Momentics.app/target_10_2_0_1155/qnx6/usr/include -I/Applications/Momentics.app/target_10_2_0_1155/qnx6/usr/include/freetype2 -I. -D__QNXNTO__ ../src/timer.hpp -o o.le-v7-g/.moc/moc_timer.cpp
qcc -Vgcc_ntoarmv7le -c -Wc,-include -Wc,o.le-v7-g/.obj/StudyPartnerProject -Wno-psabi -lang-c++ -fstack-protector -fstack-protector-all -mcpu=cortex-a9 -g -Wno-psabi -Wall -W -D_REENTRANT -DQT_NO_IMPORT_QT47_QML -DQ_OS_BLACKBERRY -DQT_DECLARATIVE_DEBUG -DQT_DECLARATIVE_LIB -DQT_CORE_LIB -DQT_SHARED -I/Applications/Momentics.app/target_10_2_0_1155/qnx6/usr/share/qt4/mkspecs/blackberry-armv7le-qcc -I../../Project -I/Applications/Momentics.app/target_10_2_0_1155/qnx6/usr/include/qt4/QtCore -I/Applications/Momentics.app/target_10_2_0_1155/qnx6/usr/include/qt4/QtDeclarative -I/Applications/Momentics.app/target_10_2_0_1155/qnx6/usr/include/qt4 -I/Applications/Momentics.app/target_10_2_0_1155/qnx6/usr/include/qt4/QtCore -I../src -Io.le-v7-g/.moc -I/Applications/Momentics.app/target_10_2_0_1155/qnx6/usr/include -I/Applications/Momentics.app/target_10_2_0_1155/qnx6/usr/include/freetype2 -I. -o o.le-v7-g/.obj/applicationui.o ../src/applicationui.cpp
qcc -Vgcc_ntoarmv7le -c -Wc,-include -Wc,o.le-v7-g/.obj/StudyPartnerProject -Wno-psabi -lang-c++ -fstack-protector -fstack-protector-all -mcpu=cortex-a9 -g -Wno-psabi -Wall -W -D_REENTRANT -DQT_NO_IMPORT_QT47_QML -DQ_OS_BLACKBERRY -DQT_DECLARATIVE_DEBUG -DQT_DECLARATIVE_LIB -DQT_CORE_LIB -DQT_SHARED -I/Applications/Momentics.app/target_10_2_0_1155/qnx6/usr/share/qt4/mkspecs/blackberry-armv7le-qcc -I../../Project -I/Applications/Momentics.app/target_10_2_0_1155/qnx6/usr/include/qt4/QtCore -I/Applications/Momentics.app/target_10_2_0_1155/qnx6/usr/include/qt4/QtDeclarative -I/Applications/Momentics.app/target_10_2_0_1155/qnx6/usr/include/qt4 -I/Applications/Momentics.app/target_10_2_0_1155/qnx6/usr/include/qt4/QtCore -I../src -Io.le-v7-g/.moc -I/Applications/Momentics.app/target_10_2_0_1155/qnx6/usr/include -I/Applications/Momentics.app/target_10_2_0_1155/qnx6/usr/include/freetype2 -I. -o o.le-v7-g/.obj/main.o ../src/main.cpp
qcc -Vgcc_ntoarmv7le -c -Wc,-include -Wc,o.le-v7-g/.obj/StudyPartnerProject -Wno-psabi -lang-c++ -fstack-protector -fstack-protector-all -mcpu=cortex-a9 -g -Wno-psabi -Wall -W -D_REENTRANT -DQT_NO_IMPORT_QT47_QML -DQ_OS_BLACKBERRY -DQT_DECLARATIVE_DEBUG -DQT_DECLARATIVE_LIB -DQT_CORE_LIB -DQT_SHARED -I/Applications/Momentics.app/target_10_2_0_1155/qnx6/usr/share/qt4/mkspecs/blackberry-armv7le-qcc -I../../Project -I/Applications/Momentics.app/target_10_2_0_1155/qnx6/usr/include/qt4/QtCore -I/Applications/Momentics.app/target_10_2_0_1155/qnx6/usr/include/qt4/QtDeclarative -I/Applications/Momentics.app/target_10_2_0_1155/qnx6/usr/include/qt4 -I/Applications/Momentics.app/target_10_2_0_1155/qnx6/usr/include/qt4/QtCore -I../src -Io.le-v7-g/.moc -I/Applications/Momentics.app/target_10_2_0_1155/qnx6/usr/include -I/Applications/Momentics.app/target_10_2_0_1155/qnx6/usr/include/freetype2 -I. -o o.le-v7-g/.obj/timer.o ../src/timer.cpp
qcc -Vgcc_ntoarmv7le -c -Wc,-include -Wc,o.le-v7-g/.obj/StudyPartnerProject -Wno-psabi -lang-c++ -fstack-protector -fstack-protector-all -mcpu=cortex-a9 -g -Wno-psabi -Wall -W -D_REENTRANT -DQT_NO_IMPORT_QT47_QML -DQ_OS_BLACKBERRY -DQT_DECLARATIVE_DEBUG -DQT_DECLARATIVE_LIB -DQT_CORE_LIB -DQT_SHARED -I/Applications/Momentics.app/target_10_2_0_1155/qnx6/usr/share/qt4/mkspecs/blackberry-armv7le-qcc -I../../Project -I/Applications/Momentics.app/target_10_2_0_1155/qnx6/usr/include/qt4/QtCore -I/Applications/Momentics.app/target_10_2_0_1155/qnx6/usr/include/qt4/QtDeclarative -I/Applications/Momentics.app/target_10_2_0_1155/qnx6/usr/include/qt4 -I/Applications/Momentics.app/target_10_2_0_1155/qnx6/usr/include/qt4/QtCore -I../src -Io.le-v7-g/.moc -I/Applications/Momentics.app/target_10_2_0_1155/qnx6/usr/include -I/Applications/Momentics.app/target_10_2_0_1155/qnx6/usr/include/freetype2 -I. -o o.le-v7-g/.obj/moc_applicationui.o o.le-v7-g/.moc/moc_applicationui.cpp
qcc -Vgcc_ntoarmv7le -c -Wc,-include -Wc,o.le-v7-g/.obj/StudyPartnerProject -Wno-psabi -lang-c++ -fstack-protector -fstack-protector-all -mcpu=cortex-a9 -g -Wno-psabi -Wall -W -D_REENTRANT -DQT_NO_IMPORT_QT47_QML -DQ_OS_BLACKBERRY -DQT_DECLARATIVE_DEBUG -DQT_DECLARATIVE_LIB -DQT_CORE_LIB -DQT_SHARED -I/Applications/Momentics.app/target_10_2_0_1155/qnx6/usr/share/qt4/mkspecs/blackberry-armv7le-qcc -I../../Project -I/Applications/Momentics.app/target_10_2_0_1155/qnx6/usr/include/qt4/QtCore -I/Applications/Momentics.app/target_10_2_0_1155/qnx6/usr/include/qt4/QtDeclarative -I/Applications/Momentics.app/target_10_2_0_1155/qnx6/usr/include/qt4 -I/Applications/Momentics.app/target_10_2_0_1155/qnx6/usr/include/qt4/QtCore -I../src -Io.le-v7-g/.moc -I/Applications/Momentics.app/target_10_2_0_1155/qnx6/usr/include -I/Applications/Momentics.app/target_10_2_0_1155/qnx6/usr/include/freetype2 -I. -o o.le-v7-g/.obj/moc_timer.o o.le-v7-g/.moc/moc_timer.cpp
qcc -Vgcc_ntoarmv7le -lang-c++ -Wl,-rpath-link,/Applications/Momentics.app/target_10_2_0_1155/qnx6/armle-v7/lib -Wl,-rpath-link,/Applications/Momentics.app/target_10_2_0_1155/qnx6/armle-v7/usr/lib -Wl,-rpath-link,/Applications/Momentics.app/target_10_2_0_1155/qnx6/armle-v7/usr/lib/qt4/lib -o o.le-v7-g/StudyPartnerProject o.le-v7-g/.obj/applicationui.o o.le-v7-g/.obj/main.o o.le-v7-g/.obj/timer.o o.le-v7-g/.obj/moc_applicationui.o o.le-v7-g/.obj/moc_timer.o    -L/Applications/Momentics.app/target_10_2_0_1155/qnx6/armle-v7/lib -L/Applications/Momentics.app/target_10_2_0_1155/qnx6/armle-v7/usr/lib -L/Applications/Momentics.app/target_10_2_0_1155/qnx6/armle-v7/usr/lib/qt4/lib -L/Applications/Momentics.app/target_10_2_0_1155/qnx6//usr/lib/qt4/lib -lbbcascadesmultimedia -lbbsystem -lbbdata -lbbmultimedia -lbbdevice -lbbpim -lbbcascadespickers -lbbcascades -lQtDeclarative -lQtScript -lQtSvg -lQtSql -lsqlite3 -lz -lQtXmlPatterns -lQtGui -lQtNetwork -lsocket -lQtCore -lm -lbps 
make[2]: Leaving directory `/Users/JoseGarfiasLopez/Dropbox/Developing BB/Project/arm'
make[1]: Leaving directory `/Users/JoseGarfiasLopez/Dropbox/Developing BB/Project/arm'
