11:44:57 **** Incremental Build of configuration Simulator-Debug for project cascadescookbookqml ****
make Simulator-Debug 
make -C .//translations -f Makefile update
make[1]: Entering directory `/Users/josegarfiaslopez/ndk-10.2-workspace/cascadescookbookqml/translations'
/Applications/Momentics.app/host_10_2_0_15/darwin/x86/usr/bin/lupdate cascadescookbookqml.pro
Updating 'cascadescookbookqml.ts'...
    Found 1 source text(s) (0 new and 1 already existing)
make[1]: Leaving directory `/Users/josegarfiaslopez/ndk-10.2-workspace/cascadescookbookqml/translations'
make -C .//translations -f Makefile release
make[1]: Entering directory `/Users/josegarfiaslopez/ndk-10.2-workspace/cascadescookbookqml/translations'
/Applications/Momentics.app/host_10_2_0_15/darwin/x86/usr/bin/lrelease cascadescookbookqml.pro
Updating '/Users/josegarfiaslopez/ndk-10.2-workspace/cascadescookbookqml/translations/cascadescookbookqml.qm'...
    Generated 0 translation(s) (0 finished and 0 unfinished)
    Ignored 1 untranslated source text(s)
make[1]: Leaving directory `/Users/josegarfiaslopez/ndk-10.2-workspace/cascadescookbookqml/translations'
make -C ./x86 -f Makefile debug
make[1]: Entering directory `/Users/josegarfiaslopez/ndk-10.2-workspace/cascadescookbookqml/x86'
make -f Makefile.Debug
make[2]: Entering directory `/Users/josegarfiaslopez/ndk-10.2-workspace/cascadescookbookqml/x86'
make[2]: Nothing to be done for `first'.
make[2]: Leaving directory `/Users/josegarfiaslopez/ndk-10.2-workspace/cascadescookbookqml/x86'
make[1]: Leaving directory `/Users/josegarfiaslopez/ndk-10.2-workspace/cascadescookbookqml/x86'

11:44:58 Build Finished (took 1s.62ms)

