10:27:50 **** Incremental Build of configuration Simulator-Debug for project Clases1 ****
make -j3 Simulator-Debug 
make -C .//translations -f Makefile update
cd x86 && /Applications/Momentics.app/host_10_2_0_15/darwin/x86/usr/bin/qmake -spec blackberry-x86-qcc ../Clases1.pro  CONFIG+=debug_and_release CONFIG+=simulator
make[1]: Entering directory `/Users/josegarfiaslopez/ndk-10.2-workspace/Clases1/translations'
/Applications/Momentics.app/host_10_2_0_15/darwin/x86/usr/bin/lupdate Clases1.pro
Updating 'Clases1.ts'...
    Found 0 source text(s) (0 new and 0 already existing)
make[1]: Leaving directory `/Users/josegarfiaslopez/ndk-10.2-workspace/Clases1/translations'
make -C .//translations -f Makefile release
make[1]: Entering directory `/Users/josegarfiaslopez/ndk-10.2-workspace/Clases1/translations'
/Applications/Momentics.app/host_10_2_0_15/darwin/x86/usr/bin/lrelease Clases1.pro
Updating '/Users/josegarfiaslopez/ndk-10.2-workspace/Clases1/translations/Clases1.qm'...
    Generated 0 translation(s) (0 finished and 0 unfinished)
make[1]: Leaving directory `/Users/josegarfiaslopez/ndk-10.2-workspace/Clases1/translations'
make -C ./x86 -f Makefile debug
make[1]: Entering directory `/Users/josegarfiaslopez/ndk-10.2-workspace/Clases1/x86'
make -f Makefile.Debug
make[2]: Entering directory `/Users/josegarfiaslopez/ndk-10.2-workspace/Clases1/x86'
/Applications/Momentics.app/host_10_2_0_15/darwin/x86/usr/bin/moc -DQT_NO_IMPORT_QT47_QML -DQ_OS_BLACKBERRY -DQT_DECLARATIVE_DEBUG -DQT_DECLARATIVE_LIB -DQT_CORE_LIB -DQT_SHARED -I/Applications/Momentics.app/target_10_2_0_1155/qnx6/usr/share/qt4/mkspecs/blackberry-x86-qcc -I../../Clases1 -I/Applications/Momentics.app/target_10_2_0_1155/qnx6/usr/include/qt4/QtCore -I/Applications/Momentics.app/target_10_2_0_1155/qnx6/usr/include/qt4/QtDeclarative -I/Applications/Momentics.app/target_10_2_0_1155/qnx6/usr/include/qt4 -I../src -Io-g/.moc -I/Applications/Momentics.app/target_10_2_0_1155/qnx6/usr/include -I/Applications/Momentics.app/target_10_2_0_1155/qnx6/usr/include/freetype2 -I. -D__QNXNTO__ ../src/applicationui.hpp -o o-g/.moc/moc_applicationui.cpp
qcc -Vgcc_ntox86 -Wno-psabi -lang-c++ -fstack-protector -fstack-protector-all -g -Wno-psabi -Wall -W -D_REENTRANT -DQT_NO_IMPORT_QT47_QML -DQ_OS_BLACKBERRY -DQT_DECLARATIVE_DEBUG -DQT_DECLARATIVE_LIB -DQT_CORE_LIB -DQT_SHARED -I/Applications/Momentics.app/target_10_2_0_1155/qnx6/usr/share/qt4/mkspecs/blackberry-x86-qcc -I../../Clases1 -I/Applications/Momentics.app/target_10_2_0_1155/qnx6/usr/include/qt4/QtCore -I/Applications/Momentics.app/target_10_2_0_1155/qnx6/usr/include/qt4/QtDeclarative -I/Applications/Momentics.app/target_10_2_0_1155/qnx6/usr/include/qt4 -I../src -Io-g/.moc -I/Applications/Momentics.app/target_10_2_0_1155/qnx6/usr/include -I/Applications/Momentics.app/target_10_2_0_1155/qnx6/usr/include/freetype2 -I. -x c++-header -c ../precompiled.h -o o-g/.obj/Clases1.gch/c++
qcc -Vgcc_ntox86 -c -Wc,-include -Wc,o-g/.obj/Clases1 -Wno-psabi -lang-c++ -fstack-protector -fstack-protector-all -g -Wno-psabi -Wall -W -D_REENTRANT -DQT_NO_IMPORT_QT47_QML -DQ_OS_BLACKBERRY -DQT_DECLARATIVE_DEBUG -DQT_DECLARATIVE_LIB -DQT_CORE_LIB -DQT_SHARED -I/Applications/Momentics.app/target_10_2_0_1155/qnx6/usr/share/qt4/mkspecs/blackberry-x86-qcc -I../../Clases1 -I/Applications/Momentics.app/target_10_2_0_1155/qnx6/usr/include/qt4/QtCore -I/Applications/Momentics.app/target_10_2_0_1155/qnx6/usr/include/qt4/QtDeclarative -I/Applications/Momentics.app/target_10_2_0_1155/qnx6/usr/include/qt4 -I../src -Io-g/.moc -I/Applications/Momentics.app/target_10_2_0_1155/qnx6/usr/include -I/Applications/Momentics.app/target_10_2_0_1155/qnx6/usr/include/freetype2 -I. -o o-g/.obj/applicationui.o ../src/applicationui.cpp
qcc -Vgcc_ntox86 -c -Wc,-include -Wc,o-g/.obj/Clases1 -Wno-psabi -lang-c++ -fstack-protector -fstack-protector-all -g -Wno-psabi -Wall -W -D_REENTRANT -DQT_NO_IMPORT_QT47_QML -DQ_OS_BLACKBERRY -DQT_DECLARATIVE_DEBUG -DQT_DECLARATIVE_LIB -DQT_CORE_LIB -DQT_SHARED -I/Applications/Momentics.app/target_10_2_0_1155/qnx6/usr/share/qt4/mkspecs/blackberry-x86-qcc -I../../Clases1 -I/Applications/Momentics.app/target_10_2_0_1155/qnx6/usr/include/qt4/QtCore -I/Applications/Momentics.app/target_10_2_0_1155/qnx6/usr/include/qt4/QtDeclarative -I/Applications/Momentics.app/target_10_2_0_1155/qnx6/usr/include/qt4 -I../src -Io-g/.moc -I/Applications/Momentics.app/target_10_2_0_1155/qnx6/usr/include -I/Applications/Momentics.app/target_10_2_0_1155/qnx6/usr/include/freetype2 -I. -o o-g/.obj/main.o ../src/main.cpp
qcc -Vgcc_ntox86 -c -Wc,-include -Wc,o-g/.obj/Clases1 -Wno-psabi -lang-c++ -fstack-protector -fstack-protector-all -g -Wno-psabi -Wall -W -D_REENTRANT -DQT_NO_IMPORT_QT47_QML -DQ_OS_BLACKBERRY -DQT_DECLARATIVE_DEBUG -DQT_DECLARATIVE_LIB -DQT_CORE_LIB -DQT_SHARED -I/Applications/Momentics.app/target_10_2_0_1155/qnx6/usr/share/qt4/mkspecs/blackberry-x86-qcc -I../../Clases1 -I/Applications/Momentics.app/target_10_2_0_1155/qnx6/usr/include/qt4/QtCore -I/Applications/Momentics.app/target_10_2_0_1155/qnx6/usr/include/qt4/QtDeclarative -I/Applications/Momentics.app/target_10_2_0_1155/qnx6/usr/include/qt4 -I../src -Io-g/.moc -I/Applications/Momentics.app/target_10_2_0_1155/qnx6/usr/include -I/Applications/Momentics.app/target_10_2_0_1155/qnx6/usr/include/freetype2 -I. -o o-g/.obj/moc_applicationui.o o-g/.moc/moc_applicationui.cpp
qcc -Vgcc_ntox86 -lang-c++ -Wl,-rpath-link,/Applications/Momentics.app/target_10_2_0_1155/qnx6/x86/lib -Wl,-rpath-link,/Applications/Momentics.app/target_10_2_0_1155/qnx6/x86/usr/lib -Wl,-rpath-link,/Applications/Momentics.app/target_10_2_0_1155/qnx6/x86/usr/lib/qt4/lib -o o-g/Clases1 o-g/.obj/applicationui.o o-g/.obj/main.o o-g/.obj/moc_applicationui.o    -L/Applications/Momentics.app/target_10_2_0_1155/qnx6/x86/lib -L/Applications/Momentics.app/target_10_2_0_1155/qnx6/x86/usr/lib -L/Applications/Momentics.app/target_10_2_0_1155/qnx6/x86/usr/lib/qt4/lib -L/Applications/Momentics.app/target_10_2_0_1155/qnx6//usr/lib/qt4/lib -lbbcascades -lQtDeclarative -lQtScript -lQtSvg -lQtSql -lsqlite3 -lz -lQtXmlPatterns -lQtGui -lQtNetwork -lsocket -lQtCore -lm -lbps 
make[2]: Leaving directory `/Users/josegarfiaslopez/ndk-10.2-workspace/Clases1/x86'
make[1]: Leaving directory `/Users/josegarfiaslopez/ndk-10.2-workspace/Clases1/x86'

10:27:57 Build Finished (took 7s.454ms)

