02:11:30 **** Incremental Build of configuration Simulator-Debug for project databasecreation ****
make -j3 Simulator-Debug 
make -C .//translations -f Makefile update
make[1]: Entering directory `/Users/josegarfiaslopez/Dropbox/Developing BB/Samples/databasecreation/translations'
/Applications/Momentics.app/host_10_2_0_15/darwin/x86/usr/bin/lupdate databasecreation.pro
Updating 'databasecreation.ts'...
    Found 20 source text(s) (0 new and 20 already existing)
make[1]: Leaving directory `/Users/josegarfiaslopez/Dropbox/Developing BB/Samples/databasecreation/translations'
make -C .//translations -f Makefile release
make[1]: Entering directory `/Users/josegarfiaslopez/Dropbox/Developing BB/Samples/databasecreation/translations'
/Applications/Momentics.app/host_10_2_0_15/darwin/x86/usr/bin/lrelease databasecreation.pro
Updating '/Users/josegarfiaslopez/Dropbox/Developing BB/Samples/databasecreation/translations/databasecreation.qm'...
    Generated 0 translation(s) (0 finished and 0 unfinished)
    Ignored 20 untranslated source text(s)
make[1]: Leaving directory `/Users/josegarfiaslopez/Dropbox/Developing BB/Samples/databasecreation/translations'
make -C ./x86 -f Makefile debug
make[1]: Entering directory `/Users/josegarfiaslopez/Dropbox/Developing BB/Samples/databasecreation/x86'
make -f Makefile.Debug
make[2]: Entering directory `/Users/josegarfiaslopez/Dropbox/Developing BB/Samples/databasecreation/x86'
make[2]: Nothing to be done for `first'.
make[2]: Leaving directory `/Users/josegarfiaslopez/Dropbox/Developing BB/Samples/databasecreation/x86'
make[1]: Leaving directory `/Users/josegarfiaslopez/Dropbox/Developing BB/Samples/databasecreation/x86'

02:11:30 Build Finished (took 468ms)

