02:11:53 **** Build of configuration Simulator-Debug for project databasecrud ****
make -j3 Simulator-Debug 
make -C .//translations -f Makefile update
make[1]: Entering directory `/Users/josegarfiaslopez/Dropbox/Developing BB/Samples/databasecrud/translations'
/Applications/Momentics.app/host_10_2_0_15/darwin/x86/usr/bin/lupdate databasecrud.pro
Updating 'databasecrud.ts'...
    Found 33 source text(s) (0 new and 33 already existing)
make[1]: Leaving directory `/Users/josegarfiaslopez/Dropbox/Developing BB/Samples/databasecrud/translations'
make -C .//translations -f Makefile release
make[1]: Entering directory `/Users/josegarfiaslopez/Dropbox/Developing BB/Samples/databasecrud/translations'
/Applications/Momentics.app/host_10_2_0_15/darwin/x86/usr/bin/lrelease databasecrud.pro
Updating '/Users/josegarfiaslopez/Dropbox/Developing BB/Samples/databasecrud/translations/databasecrud.qm'...
    Generated 0 translation(s) (0 finished and 0 unfinished)
    Ignored 33 untranslated source text(s)
make[1]: Leaving directory `/Users/josegarfiaslopez/Dropbox/Developing BB/Samples/databasecrud/translations'
make -C ./x86 -f Makefile debug
make[1]: Entering directory `/Users/josegarfiaslopez/Dropbox/Developing BB/Samples/databasecrud/x86'
make -f Makefile.Debug
make[2]: Entering directory `/Users/josegarfiaslopez/Dropbox/Developing BB/Samples/databasecrud/x86'
make[2]: Nothing to be done for `first'.
make[2]: Leaving directory `/Users/josegarfiaslopez/Dropbox/Developing BB/Samples/databasecrud/x86'
make[1]: Leaving directory `/Users/josegarfiaslopez/Dropbox/Developing BB/Samples/databasecrud/x86'

02:11:53 Build Finished (took 470ms)

