03:01:13 **** Incremental Build of configuration Simulator-Debug for project dictaphone ****
make Simulator-Debug 
/Applications/Momentics.app/host_10_2_0_15/darwin/x86/usr/bin/qmake -spec blackberry-armv7le-qcc -o arm/Makefile dictaphone.pro CONFIG+=device
WARNING: Failure to find: ../src/*.h
WARNING: Failure to find: ../src/*.h
/Applications/Momentics.app/host_10_2_0_15/darwin/x86/usr/bin/qmake -spec blackberry-x86-qcc -o x86/Makefile dictaphone.pro CONFIG+=simulator
WARNING: Failure to find: ../src/*.h
WARNING: Failure to find: ../src/*.h
make -C ./translations -f Makefile update release
make[1]: Entering directory `/Users/josegarfiaslopez/Dropbox/Developing BB/Samples/dictaphone/translations'
/Applications/Momentics.app/host_10_2_0_15/darwin/x86/usr/bin/lupdate dictaphone.pro
Updating 'dictaphone_en_GB.ts'...
    Found 7 source text(s) (0 new and 7 already existing)
Updating 'dictaphone_fr.ts'...
    Found 7 source text(s) (0 new and 7 already existing)
Updating 'dictaphone_it.ts'...
    Found 7 source text(s) (0 new and 7 already existing)
Updating 'dictaphone_de.ts'...
    Found 7 source text(s) (0 new and 7 already existing)
Updating 'dictaphone_es.ts'...
    Found 7 source text(s) (0 new and 7 already existing)
Updating 'dictaphone.ts'...
    Found 7 source text(s) (0 new and 7 already existing)
/Applications/Momentics.app/host_10_2_0_15/darwin/x86/usr/bin/lrelease dictaphone.pro
Updating '/Users/josegarfiaslopez/Dropbox/Developing BB/Samples/dictaphone/translations/dictaphone_en_GB.qm'...
    Generated 0 translation(s) (0 finished and 0 unfinished)
    Ignored 7 untranslated source text(s)
Updating '/Users/josegarfiaslopez/Dropbox/Developing BB/Samples/dictaphone/translations/dictaphone_fr.qm'...
    Generated 0 translation(s) (0 finished and 0 unfinished)
    Ignored 7 untranslated source text(s)
Updating '/Users/josegarfiaslopez/Dropbox/Developing BB/Samples/dictaphone/translations/dictaphone_it.qm'...
    Generated 0 translation(s) (0 finished and 0 unfinished)
    Ignored 7 untranslated source text(s)
Updating '/Users/josegarfiaslopez/Dropbox/Developing BB/Samples/dictaphone/translations/dictaphone_de.qm'...
    Generated 0 translation(s) (0 finished and 0 unfinished)
    Ignored 7 untranslated source text(s)
Updating '/Users/josegarfiaslopez/Dropbox/Developing BB/Samples/dictaphone/translations/dictaphone_es.qm'...
    Generated 0 translation(s) (0 finished and 0 unfinished)
    Ignored 7 untranslated source text(s)
Updating '/Users/josegarfiaslopez/Dropbox/Developing BB/Samples/dictaphone/translations/dictaphone.qm'...
    Generated 0 translation(s) (0 finished and 0 unfinished)
    Ignored 7 untranslated source text(s)
make[1]: Leaving directory `/Users/josegarfiaslopez/Dropbox/Developing BB/Samples/dictaphone/translations'
make -C ./x86 -f Makefile debug
make[1]: Entering directory `/Users/josegarfiaslopez/Dropbox/Developing BB/Samples/dictaphone/x86'
make -f Makefile.Debug
make[2]: Entering directory `/Users/josegarfiaslopez/Dropbox/Developing BB/Samples/dictaphone/x86'
make[2]: Nothing to be done for `first'.
make[2]: Leaving directory `/Users/josegarfiaslopez/Dropbox/Developing BB/Samples/dictaphone/x86'
make[1]: Leaving directory `/Users/josegarfiaslopez/Dropbox/Developing BB/Samples/dictaphone/x86'

03:01:20 Build Finished (took 7s.438ms)

