03:22:49 **** Incremental Build of configuration Simulator-Debug for project HelloWorld ****
make -j3 Simulator-Debug 
make -C .//translations -f Makefile update
make[1]: Entering directory `/Users/josegarfiaslopez/ndk-10.2-workspace/HelloWorld/translations'
/Applications/Momentics.app/host_10_2_0_15/darwin/x86/usr/bin/lupdate HelloWorld.pro
Updating 'HelloWorld.ts'...
    Found 3 source text(s) (0 new and 3 already existing)
make[1]: Leaving directory `/Users/josegarfiaslopez/ndk-10.2-workspace/HelloWorld/translations'
make -C .//translations -f Makefile release
make[1]: Entering directory `/Users/josegarfiaslopez/ndk-10.2-workspace/HelloWorld/translations'
/Applications/Momentics.app/host_10_2_0_15/darwin/x86/usr/bin/lrelease HelloWorld.pro
Updating '/Users/josegarfiaslopez/ndk-10.2-workspace/HelloWorld/translations/HelloWorld.qm'...
    Generated 0 translation(s) (0 finished and 0 unfinished)
    Ignored 3 untranslated source text(s)
make[1]: Leaving directory `/Users/josegarfiaslopez/ndk-10.2-workspace/HelloWorld/translations'
make -C ./x86 -f Makefile debug
make[1]: Entering directory `/Users/josegarfiaslopez/ndk-10.2-workspace/HelloWorld/x86'
make -f Makefile.Debug
make[2]: Entering directory `/Users/josegarfiaslopez/ndk-10.2-workspace/HelloWorld/x86'
make[2]: Nothing to be done for `first'.
make[2]: Leaving directory `/Users/josegarfiaslopez/ndk-10.2-workspace/HelloWorld/x86'
make[1]: Leaving directory `/Users/josegarfiaslopez/ndk-10.2-workspace/HelloWorld/x86'

03:22:51 Build Finished (took 1s.994ms)

