11:31:06 **** Incremental Build of configuration Simulator-Debug for project listdecorators ****
make -j3 Simulator-Debug 
make -C .//translations -f Makefile update
make[1]: Entering directory `/Users/josegarfiaslopez/Dropbox/Developing BB/Samples/listdecorators/translations'
/Applications/Momentics.app/host_10_2_0_15/darwin/x86/usr/bin/lupdate listdecorators.pro
Updating 'listdecorators.ts'...
    Found 7 source text(s) (0 new and 7 already existing)
make[1]: Leaving directory `/Users/josegarfiaslopez/Dropbox/Developing BB/Samples/listdecorators/translations'
make -C .//translations -f Makefile release
make[1]: Entering directory `/Users/josegarfiaslopez/Dropbox/Developing BB/Samples/listdecorators/translations'
/Applications/Momentics.app/host_10_2_0_15/darwin/x86/usr/bin/lrelease listdecorators.pro
Updating '/Users/josegarfiaslopez/Dropbox/Developing BB/Samples/listdecorators/translations/listdecorators.qm'...
    Generated 0 translation(s) (0 finished and 0 unfinished)
    Ignored 7 untranslated source text(s)
make[1]: Leaving directory `/Users/josegarfiaslopez/Dropbox/Developing BB/Samples/listdecorators/translations'
make -C ./x86 -f Makefile debug
make[1]: Entering directory `/Users/josegarfiaslopez/Dropbox/Developing BB/Samples/listdecorators/x86'
make -f Makefile.Debug
make[2]: Entering directory `/Users/josegarfiaslopez/Dropbox/Developing BB/Samples/listdecorators/x86'
make[2]: Nothing to be done for `first'.
make[2]: Leaving directory `/Users/josegarfiaslopez/Dropbox/Developing BB/Samples/listdecorators/x86'
make[1]: Leaving directory `/Users/josegarfiaslopez/Dropbox/Developing BB/Samples/listdecorators/x86'

11:31:06 Build Finished (took 577ms)

