04:46:49 **** Incremental Build of configuration Simulator-Debug for project NavPane ****
make -j3 Simulator-Debug 
make -C .//translations -f Makefile update
make[1]: Entering directory `/Users/josegarfiaslopez/ndk-10.2-workspace/NavPane/translations'
/Applications/Momentics.app/host_10_2_0_15/darwin/x86/usr/bin/lupdate NavPane.pro
Updating 'NavPane.ts'...
    Found 0 source text(s) (0 new and 0 already existing)
make[1]: Leaving directory `/Users/josegarfiaslopez/ndk-10.2-workspace/NavPane/translations'
make -C .//translations -f Makefile release
make[1]: Entering directory `/Users/josegarfiaslopez/ndk-10.2-workspace/NavPane/translations'
/Applications/Momentics.app/host_10_2_0_15/darwin/x86/usr/bin/lrelease NavPane.pro
Updating '/Users/josegarfiaslopez/ndk-10.2-workspace/NavPane/translations/NavPane.qm'...
    Generated 0 translation(s) (0 finished and 0 unfinished)
make[1]: Leaving directory `/Users/josegarfiaslopez/ndk-10.2-workspace/NavPane/translations'
make -C ./x86 -f Makefile debug
make[1]: Entering directory `/Users/josegarfiaslopez/ndk-10.2-workspace/NavPane/x86'
make -f Makefile.Debug
make[2]: Entering directory `/Users/josegarfiaslopez/ndk-10.2-workspace/NavPane/x86'
make[2]: Nothing to be done for `first'.
make[2]: Leaving directory `/Users/josegarfiaslopez/ndk-10.2-workspace/NavPane/x86'
make[1]: Leaving directory `/Users/josegarfiaslopez/ndk-10.2-workspace/NavPane/x86'

04:46:55 Build Finished (took 6s.362ms)

