13:41:19 **** Incremental Build of configuration Simulator-Debug for project socialinvocation ****
make Simulator-Debug 
make -C .//translations -f Makefile update
make[1]: Entering directory `/Users/josegarfiaslopez/Dropbox/Developing BB/Samples/socialinvocation/translations'
/Applications/Momentics.app/host_10_2_0_15/darwin/x86/usr/bin/lupdate socialinvocation.pro
Updating 'socialinvocation.ts'...
    Found 47 source text(s) (0 new and 47 already existing)
make[1]: Leaving directory `/Users/josegarfiaslopez/Dropbox/Developing BB/Samples/socialinvocation/translations'
make -C .//translations -f Makefile release
make[1]: Entering directory `/Users/josegarfiaslopez/Dropbox/Developing BB/Samples/socialinvocation/translations'
/Applications/Momentics.app/host_10_2_0_15/darwin/x86/usr/bin/lrelease socialinvocation.pro
Updating '/Users/josegarfiaslopez/Dropbox/Developing BB/Samples/socialinvocation/translations/socialinvocation.qm'...
    Generated 0 translation(s) (0 finished and 0 unfinished)
    Ignored 47 untranslated source text(s)
make[1]: Leaving directory `/Users/josegarfiaslopez/Dropbox/Developing BB/Samples/socialinvocation/translations'
make -C ./x86 -f Makefile debug
make[1]: Entering directory `/Users/josegarfiaslopez/Dropbox/Developing BB/Samples/socialinvocation/x86'
make -f Makefile.Debug
make[2]: Entering directory `/Users/josegarfiaslopez/Dropbox/Developing BB/Samples/socialinvocation/x86'
make[2]: Nothing to be done for `first'.
make[2]: Leaving directory `/Users/josegarfiaslopez/Dropbox/Developing BB/Samples/socialinvocation/x86'
make[1]: Leaving directory `/Users/josegarfiaslopez/Dropbox/Developing BB/Samples/socialinvocation/x86'

13:41:22 Build Finished (took 2s.652ms)

