20:08:14 **** Incremental Build of configuration Simulator-Debug for project stampcollector ****
make Simulator-Debug 
make -C .//translations -f Makefile update
make[1]: Entering directory `/Users/josegarfiaslopez/Dropbox/Developing BB/stampcollector/translations'
/Applications/Momentics.app/host_10_2_0_15/darwin/x86/usr/bin/lupdate stampcollector.pro
Updating 'stampcollector.ts'...
    Found 0 source text(s) (0 new and 0 already existing)
make[1]: Leaving directory `/Users/josegarfiaslopez/Dropbox/Developing BB/stampcollector/translations'
make -C .//translations -f Makefile release
make[1]: Entering directory `/Users/josegarfiaslopez/Dropbox/Developing BB/stampcollector/translations'
/Applications/Momentics.app/host_10_2_0_15/darwin/x86/usr/bin/lrelease stampcollector.pro
Updating '/Users/josegarfiaslopez/Dropbox/Developing BB/stampcollector/translations/stampcollector.qm'...
    Generated 0 translation(s) (0 finished and 0 unfinished)
make[1]: Leaving directory `/Users/josegarfiaslopez/Dropbox/Developing BB/stampcollector/translations'
make -C ./x86 -f Makefile debug
make[1]: Entering directory `/Users/josegarfiaslopez/Dropbox/Developing BB/stampcollector/x86'
make -f Makefile.Debug
make[2]: Entering directory `/Users/josegarfiaslopez/Dropbox/Developing BB/stampcollector/x86'
make[2]: Nothing to be done for `first'.
make[2]: Leaving directory `/Users/josegarfiaslopez/Dropbox/Developing BB/stampcollector/x86'
make[1]: Leaving directory `/Users/josegarfiaslopez/Dropbox/Developing BB/stampcollector/x86'

20:08:14 Build Finished (took 218ms)

