07:23:28 **** Incremental Build of configuration Simulator-Debug for project StudyPartner ****
make -j3 Simulator-Debug 
make -C .//translations -f Makefile update
make[1]: Entering directory `/Users/josegarfiaslopez/ndk-10.2-workspace/StudyPartner/translations'
/Applications/Momentics.app/host_10_2_0_15/darwin/x86/usr/bin/lupdate StudyPartner.pro
Updating 'StudyPartner.ts'...
    Found 0 source text(s) (0 new and 0 already existing)
make[1]: Leaving directory `/Users/josegarfiaslopez/ndk-10.2-workspace/StudyPartner/translations'
make -C .//translations -f Makefile release
make[1]: Entering directory `/Users/josegarfiaslopez/ndk-10.2-workspace/StudyPartner/translations'
/Applications/Momentics.app/host_10_2_0_15/darwin/x86/usr/bin/lrelease StudyPartner.pro
Updating '/Users/josegarfiaslopez/ndk-10.2-workspace/StudyPartner/translations/StudyPartner.qm'...
    Generated 0 translation(s) (0 finished and 0 unfinished)
make[1]: Leaving directory `/Users/josegarfiaslopez/ndk-10.2-workspace/StudyPartner/translations'
make -C ./x86 -f Makefile debug
make[1]: Entering directory `/Users/josegarfiaslopez/ndk-10.2-workspace/StudyPartner/x86'
make -f Makefile.Debug
make[2]: Entering directory `/Users/josegarfiaslopez/ndk-10.2-workspace/StudyPartner/x86'
make[2]: Nothing to be done for `first'.
make[2]: Leaving directory `/Users/josegarfiaslopez/ndk-10.2-workspace/StudyPartner/x86'
make[1]: Leaving directory `/Users/josegarfiaslopez/ndk-10.2-workspace/StudyPartner/x86'

07:23:30 Build Finished (took 2s.205ms)

