01:55:10 **** Incremental Build of configuration Simulator-Debug for project StudentGuide ****
make -j3 Simulator-Debug 
make -C .//translations -f Makefile update
make[1]: Entering directory `/Users/josegarfiaslopez/ndk-10.2-workspace/StudentGuide/translations'
/Applications/Momentics.app/host_10_2_0_15/darwin/x86/usr/bin/lupdate StudentGuide.pro
Updating 'StudentGuide.ts'...
    Found 0 source text(s) (0 new and 0 already existing)
make[1]: Leaving directory `/Users/josegarfiaslopez/ndk-10.2-workspace/StudentGuide/translations'
make -C .//translations -f Makefile release
make[1]: Entering directory `/Users/josegarfiaslopez/ndk-10.2-workspace/StudentGuide/translations'
/Applications/Momentics.app/host_10_2_0_15/darwin/x86/usr/bin/lrelease StudentGuide.pro
Updating '/Users/josegarfiaslopez/ndk-10.2-workspace/StudentGuide/translations/StudentGuide.qm'...
    Generated 0 translation(s) (0 finished and 0 unfinished)
make[1]: Leaving directory `/Users/josegarfiaslopez/ndk-10.2-workspace/StudentGuide/translations'
make -C ./x86 -f Makefile debug
make[1]: Entering directory `/Users/josegarfiaslopez/ndk-10.2-workspace/StudentGuide/x86'
make -f Makefile.Debug
make[2]: Entering directory `/Users/josegarfiaslopez/ndk-10.2-workspace/StudentGuide/x86'
qcc -Vgcc_ntox86 -lang-c++ -Wl,-rpath-link,/Applications/Momentics.app/target_10_2_0_1155/qnx6/x86/lib -Wl,-rpath-link,/Applications/Momentics.app/target_10_2_0_1155/qnx6/x86/usr/lib -Wl,-rpath-link,/Applications/Momentics.app/target_10_2_0_1155/qnx6/x86/usr/lib/qt4/lib -o o-g/StudentGuide o-g/.obj/main.o    -L/Applications/Momentics.app/target_10_2_0_1155/qnx6/x86/lib -L/Applications/Momentics.app/target_10_2_0_1155/qnx6/x86/usr/lib -L/Applications/Momentics.app/target_10_2_0_1155/qnx6/x86/usr/lib/qt4/lib -L/Applications/Momentics.app/target_10_2_0_1155/qnx6//usr/lib/qt4/lib -lbbcascades -lQtDeclarative -lQtScript -lQtSvg -lQtSql -lsqlite3 -lz -lQtXmlPatterns -lQtGui -lQtNetwork -lsocket -lQtCore -lm -lbps 
o-g/.obj/main.o: In function `main':
/Users/josegarfiaslopez/ndk-10.2-workspace/StudentGuide/x86/../src/main.cpp:17: undefined reference to `ApplicationUI::ApplicationUI(bb::cascades::Application*)'
make[2]: Leaving directory `/Users/josegarfiaslopez/ndk-10.2-workspace/StudentGuide/x86'
cc: /Applications/Momentics.app/host_10_2_0_15/darwin/x86/usr/bin/ntox86-ld error 1
make[2]: *** [o-g/StudentGuide] Error 1
make[1]: Leaving directory `/Users/josegarfiaslopez/ndk-10.2-workspace/StudentGuide/x86'
make[1]: *** [debug] Error 2
make: *** [Simulator-Debug] Error 2

01:55:11 Build Finished (took 772ms)

