22:53:18 **** Incremental Build of configuration Simulator-Debug for project weatherguesser ****
make -j3 Simulator-Debug 
make -C .//translations -f Makefile update
make[1]: Entering directory `/Users/josegarfiaslopez/Downloads/weatherguesser/translations'
/Applications/Momentics.app/host_10_2_0_15/darwin/x86/usr/bin/lupdate weatherguesser.pro
Updating 'weatherguesser.ts'...
    Found 20 source text(s) (0 new and 20 already existing)
make[1]: Leaving directory `/Users/josegarfiaslopez/Downloads/weatherguesser/translations'
make -C .//translations -f Makefile release
make[1]: Entering directory `/Users/josegarfiaslopez/Downloads/weatherguesser/translations'
/Applications/Momentics.app/host_10_2_0_15/darwin/x86/usr/bin/lrelease weatherguesser.pro
Updating '/Users/josegarfiaslopez/Downloads/weatherguesser/translations/weatherguesser.qm'...
    Generated 0 translation(s) (0 finished and 0 unfinished)
    Ignored 20 untranslated source text(s)
make[1]: Leaving directory `/Users/josegarfiaslopez/Downloads/weatherguesser/translations'
make -C ./x86 -f Makefile debug
make[1]: Entering directory `/Users/josegarfiaslopez/Downloads/weatherguesser/x86'
make -f Makefile.Debug
make[2]: Entering directory `/Users/josegarfiaslopez/Downloads/weatherguesser/x86'
make[2]: Nothing to be done for `first'.
make[2]: Leaving directory `/Users/josegarfiaslopez/Downloads/weatherguesser/x86'
make[1]: Leaving directory `/Users/josegarfiaslopez/Downloads/weatherguesser/x86'

22:53:21 Build Finished (took 2s.406ms)

